# JRE version: OpenJDK Runtime Environment Temurin-17.0.2+8 (17.0.2+8) (build 17.0.2+8)
# Java VM: OpenJDK 64-Bit Server VM Temurin-17.0.2+8 (17.0.2+8, mixed mode, tiered, compressed oops, compressed class ptrs, parallel gc, windows-amd64)
GC Precious Log:
 CPUs: 4 total, 4 available
 Memory: 8077M
 Large Page Support: Disabled
 NUMA Support: Disabled
 Compressed Oops: Enabled (32-bit)
 Alignments: Space 512K, Generation 512K, Heap 2M
 Heap Min Capacity: 100M
 Heap Initial Capacity: 100M
 Heap Max Capacity: 1G
 Pre-touch: Disabled
 Parallel Workers: 4
Heap:
 PSYoungGen      total 23552K, used 15287K [0x00000000eab00000, 0x00000000ec700000, 0x0000000100000000)
  eden space 22016K, 63% used [0x00000000eab00000,0x00000000eb89dac0,0x00000000ec080000)
  from space 1536K, 87% used [0x00000000ec580000,0x00000000ec6d0418,0x00000000ec700000)
  to   space 2560K, 0% used [0x00000000ec200000,0x00000000ec200000,0x00000000ec480000)
 ParOldGen       total 68608K, used 29404K [0x00000000c0000000, 0x00000000c4300000, 0x00000000eab00000)
  object space 68608K, 42% used [0x00000000c0000000,0x00000000c1cb7040,0x00000000c4300000)
 Metaspace       used 54496K, committed 55296K, reserved 1105920K
  class space    used 5879K, committed 6208K, reserved 1048576K
GC Heap History (20 events):
Event: 6.123 GC heap before
{Heap before GC invocations=7 (full 2):
 PSYoungGen      total 29696K, used 3828K [0x00000000eab00000, 0x00000000ecd00000, 0x0000000100000000)
  eden space 25600K, 0% used [0x00000000eab00000,0x00000000eab00000,0x00000000ec400000)
  from space 4096K, 93% used [0x00000000ec400000,0x00000000ec7bd250,0x00000000ec800000)
  to   space 4608K, 0% used [0x00000000ec880000,0x00000000ec880000,0x00000000ecd00000)
 ParOldGen       total 68608K, used 9671K [0x00000000c0000000, 0x00000000c4300000, 0x00000000eab00000)
  object space 68608K, 14% used [0x00000000c0000000,0x00000000c0971ca0,0x00000000c4300000)
 Metaspace       used 35200K, committed 35840K, reserved 1081344K
  class space    used 3722K, committed 4032K, reserved 1048576K
}
Event: 6.153 GC heap after
{Heap after GC invocations=7 (full 2):
 PSYoungGen      total 29696K, used 0K [0x00000000eab00000, 0x00000000ecd00000, 0x0000000100000000)
  eden space 25600K, 0% used [0x00000000eab00000,0x00000000eab00000,0x00000000ec400000)
  from space 4096K, 0% used [0x00000000ec400000,0x00000000ec400000,0x00000000ec800000)
  to   space 4608K, 0% used [0x00000000ec880000,0x00000000ec880000,0x00000000ecd00000)
 ParOldGen       total 68608K, used 12271K [0x00000000c0000000, 0x00000000c4300000, 0x00000000eab00000)
  object space 68608K, 17% used [0x00000000c0000000,0x00000000c0bfbcf0,0x00000000c4300000)
 Metaspace       used 35200K, committed 35840K, reserved 1081344K
  class space    used 3722K, committed 4032K, reserved 1048576K
}
Event: 7.426 GC heap before
{Heap before GC invocations=8 (full 2):
 PSYoungGen      total 29696K, used 25600K [0x00000000eab00000, 0x00000000ecd00000, 0x0000000100000000)
  eden space 25600K, 100% used [0x00000000eab00000,0x00000000ec400000,0x00000000ec400000)
  from space 4096K, 0% used [0x00000000ec400000,0x00000000ec400000,0x00000000ec800000)
  to   space 4608K, 0% used [0x00000000ec880000,0x00000000ec880000,0x00000000ecd00000)
 ParOldGen       total 68608K, used 12271K [0x00000000c0000000, 0x00000000c4300000, 0x00000000eab00000)
  object space 68608K, 17% used [0x00000000c0000000,0x00000000c0bfbcf0,0x00000000c4300000)
 Metaspace       used 39189K, committed 39936K, reserved 1089536K
  class space    used 4216K, committed 4544K, reserved 1048576K
}
Event: 7.429 GC heap after
{Heap after GC invocations=8 (full 2):
 PSYoungGen      total 27648K, used 2395K [0x00000000eab00000, 0x00000000ecb00000, 0x0000000100000000)
  eden space 25088K, 0% used [0x00000000eab00000,0x00000000eab00000,0x00000000ec380000)
  from space 2560K, 93% used [0x00000000ec880000,0x00000000ecad6e10,0x00000000ecb00000)
  to   space 3072K, 0% used [0x00000000ec500000,0x00000000ec500000,0x00000000ec800000)
 ParOldGen       total 68608K, used 12279K [0x00000000c0000000, 0x00000000c4300000, 0x00000000eab00000)
  object space 68608K, 17% used [0x00000000c0000000,0x00000000c0bfdcf0,0x00000000c4300000)
 Metaspace       used 39189K, committed 39936K, reserved 1089536K
  class space    used 4216K, committed 4544K, reserved 1048576K
}
Event: 7.973 GC heap before
{Heap before GC invocations=9 (full 2):
 PSYoungGen      total 27648K, used 27483K [0x00000000eab00000, 0x00000000ecb00000, 0x0000000100000000)
  eden space 25088K, 100% used [0x00000000eab00000,0x00000000ec380000,0x00000000ec380000)
  from space 2560K, 93% used [0x00000000ec880000,0x00000000ecad6e10,0x00000000ecb00000)
  to   space 3072K, 0% used [0x00000000ec500000,0x00000000ec500000,0x00000000ec800000)
 ParOldGen       total 68608K, used 12279K [0x00000000c0000000, 0x00000000c4300000, 0x00000000eab00000)
  object space 68608K, 17% used [0x00000000c0000000,0x00000000c0bfdcf0,0x00000000c4300000)
 Metaspace       used 40870K, committed 41536K, reserved 1089536K
  class space    used 4420K, committed 4736K, reserved 1048576K
}
Event: 7.981 GC heap after
{Heap after GC invocations=9 (full 2):
 PSYoungGen      total 27648K, used 3067K [0x00000000eab00000, 0x00000000ecc00000, 0x0000000100000000)
  eden space 24576K, 0% used [0x00000000eab00000,0x00000000eab00000,0x00000000ec300000)
  from space 3072K, 99% used [0x00000000ec500000,0x00000000ec7fee10,0x00000000ec800000)
  to   space 4096K, 0% used [0x00000000ec800000,0x00000000ec800000,0x00000000ecc00000)
 ParOldGen       total 68608K, used 13311K [0x00000000c0000000, 0x00000000c4300000, 0x00000000eab00000)
  object space 68608K, 19% used [0x00000000c0000000,0x00000000c0cffcf0,0x00000000c4300000)
 Metaspace       used 40870K, committed 41536K, reserved 1089536K
  class space    used 4420K, committed 4736K, reserved 1048576K
}
Event: 8.230 GC heap before
{Heap before GC invocations=10 (full 2):
 PSYoungGen      total 27648K, used 27643K [0x00000000eab00000, 0x00000000ecc00000, 0x0000000100000000)
  eden space 24576K, 100% used [0x00000000eab00000,0x00000000ec300000,0x00000000ec300000)
  from space 3072K, 99% used [0x00000000ec500000,0x00000000ec7fee10,0x00000000ec800000)
  to   space 4096K, 0% used [0x00000000ec800000,0x00000000ec800000,0x00000000ecc00000)
 ParOldGen       total 68608K, used 13311K [0x00000000c0000000, 0x00000000c4300000, 0x00000000eab00000)
  object space 68608K, 19% used [0x00000000c0000000,0x00000000c0cffd08,0x00000000c4300000)
 Metaspace       used 41904K, committed 42560K, reserved 1089536K
  class space    used 4552K, committed 4864K, reserved 1048576K
}
Event: 8.235 GC heap after
{Heap after GC invocations=10 (full 2):
 PSYoungGen      total 28160K, used 4075K [0x00000000eab00000, 0x00000000ece00000, 0x0000000100000000)
  eden space 24064K, 0% used [0x00000000eab00000,0x00000000eab00000,0x00000000ec280000)
  from space 4096K, 99% used [0x00000000ec800000,0x00000000ecbfae10,0x00000000ecc00000)
  to   space 5632K, 0% used [0x00000000ec280000,0x00000000ec280000,0x00000000ec800000)
 ParOldGen       total 68608K, used 14252K [0x00000000c0000000, 0x00000000c4300000, 0x00000000eab00000)
  object space 68608K, 20% used [0x00000000c0000000,0x00000000c0deb3a0,0x00000000c4300000)
 Metaspace       used 41904K, committed 42560K, reserved 1089536K
  class space    used 4552K, committed 4864K, reserved 1048576K
}
Event: 8.540 GC heap before
{Heap before GC invocations=11 (full 2):
 PSYoungGen      total 28160K, used 28139K [0x00000000eab00000, 0x00000000ece00000, 0x0000000100000000)
  eden space 24064K, 100% used [0x00000000eab00000,0x00000000ec280000,0x00000000ec280000)
  from space 4096K, 99% used [0x00000000ec800000,0x00000000ecbfae10,0x00000000ecc00000)
  to   space 5632K, 0% used [0x00000000ec280000,0x00000000ec280000,0x00000000ec800000)
 ParOldGen       total 68608K, used 14256K [0x00000000c0000000, 0x00000000c4300000, 0x00000000eab00000)
  object space 68608K, 20% used [0x00000000c0000000,0x00000000c0dec118,0x00000000c4300000)
 Metaspace       used 42801K, committed 43520K, reserved 1089536K
  class space    used 4654K, committed 4992K, reserved 1048576K
}
Event: 8.547 GC heap after
{Heap after GC invocations=11 (full 2):
 PSYoungGen      total 29184K, used 5152K [0x00000000eab00000, 0x00000000ecd00000, 0x0000000100000000)
  eden space 23552K, 0% used [0x00000000eab00000,0x00000000eab00000,0x00000000ec200000)
  from space 5632K, 91% used [0x00000000ec280000,0x00000000ec788020,0x00000000ec800000)
  to   space 5120K, 0% used [0x00000000ec800000,0x00000000ec800000,0x00000000ecd00000)
 ParOldGen       total 68608K, used 15652K [0x00000000c0000000, 0x00000000c4300000, 0x00000000eab00000)
  object space 68608K, 22% used [0x00000000c0000000,0x00000000c0f493f8,0x00000000c4300000)
 Metaspace       used 42801K, committed 43520K, reserved 1089536K
  class space    used 4654K, committed 4992K, reserved 1048576K
}
Event: 8.771 GC heap before
{Heap before GC invocations=12 (full 2):
 PSYoungGen      total 29184K, used 28704K [0x00000000eab00000, 0x00000000ecd00000, 0x0000000100000000)
  eden space 23552K, 100% used [0x00000000eab00000,0x00000000ec200000,0x00000000ec200000)
  from space 5632K, 91% used [0x00000000ec280000,0x00000000ec788020,0x00000000ec800000)
  to   space 5120K, 0% used [0x00000000ec800000,0x00000000ec800000,0x00000000ecd00000)
 ParOldGen       total 68608K, used 15652K [0x00000000c0000000, 0x00000000c4300000, 0x00000000eab00000)
  object space 68608K, 22% used [0x00000000c0000000,0x00000000c0f493f8,0x00000000c4300000)
 Metaspace       used 43211K, committed 43904K, reserved 1089536K
  class space    used 4715K, committed 5056K, reserved 1048576K
}
Event: 8.778 GC heap after
{Heap after GC invocations=12 (full 2):
 PSYoungGen      total 27648K, used 4576K [0x00000000eab00000, 0x00000000ecc80000, 0x0000000100000000)
  eden space 23040K, 0% used [0x00000000eab00000,0x00000000eab00000,0x00000000ec180000)
  from space 4608K, 99% used [0x00000000ec800000,0x00000000ecc78020,0x00000000ecc80000)
  to   space 5120K, 0% used [0x00000000ec280000,0x00000000ec280000,0x00000000ec780000)
 ParOldGen       total 68608K, used 18297K [0x00000000c0000000, 0x00000000c4300000, 0x00000000eab00000)
  object space 68608K, 26% used [0x00000000c0000000,0x00000000c11de428,0x00000000c4300000)
 Metaspace       used 43211K, committed 43904K, reserved 1089536K
  class space    used 4715K, committed 5056K, reserved 1048576K
}
Event: 8.869 GC heap before
{Heap before GC invocations=13 (full 2):
 PSYoungGen      total 27648K, used 27616K [0x00000000eab00000, 0x00000000ecc80000, 0x0000000100000000)
  eden space 23040K, 100% used [0x00000000eab00000,0x00000000ec180000,0x00000000ec180000)
  from space 4608K, 99% used [0x00000000ec800000,0x00000000ecc78020,0x00000000ecc80000)
  to   space 5120K, 0% used [0x00000000ec280000,0x00000000ec280000,0x00000000ec780000)
 ParOldGen       total 68608K, used 18297K [0x00000000c0000000, 0x00000000c4300000, 0x00000000eab00000)
  object space 68608K, 26% used [0x00000000c0000000,0x00000000c11de428,0x00000000c4300000)
 Metaspace       used 43398K, committed 44096K, reserved 1089536K
  class space    used 4739K, committed 5056K, reserved 1048576K
}
Event: 8.877 GC heap after
{Heap after GC invocations=13 (full 2):
 PSYoungGen      total 25088K, used 2336K [0x00000000eab00000, 0x00000000ec880000, 0x0000000100000000)
  eden space 22528K, 0% used [0x00000000eab00000,0x00000000eab00000,0x00000000ec100000)
  from space 2560K, 91% used [0x00000000ec280000,0x00000000ec4c8010,0x00000000ec500000)
  to   space 3584K, 0% used [0x00000000ec500000,0x00000000ec500000,0x00000000ec880000)
 ParOldGen       total 68608K, used 22676K [0x00000000c0000000, 0x00000000c4300000, 0x00000000eab00000)
  object space 68608K, 33% used [0x00000000c0000000,0x00000000c1625238,0x00000000c4300000)
 Metaspace       used 43398K, committed 44096K, reserved 1089536K
  class space    used 4739K, committed 5056K, reserved 1048576K
}
Event: 8.961 GC heap before
{Heap before GC invocations=14 (full 2):
 PSYoungGen      total 25088K, used 24864K [0x00000000eab00000, 0x00000000ec880000, 0x0000000100000000)
  eden space 22528K, 100% used [0x00000000eab00000,0x00000000ec100000,0x00000000ec100000)
  from space 2560K, 91% used [0x00000000ec280000,0x00000000ec4c8010,0x00000000ec500000)
  to   space 3584K, 0% used [0x00000000ec500000,0x00000000ec500000,0x00000000ec880000)
 ParOldGen       total 68608K, used 22676K [0x00000000c0000000, 0x00000000c4300000, 0x00000000eab00000)
  object space 68608K, 33% used [0x00000000c0000000,0x00000000c1625238,0x00000000c4300000)
 Metaspace       used 43698K, committed 44416K, reserved 1089536K
  class space    used 4785K, committed 5120K, reserved 1048576K
}
Event: 8.966 GC heap after
{Heap after GC invocations=14 (full 2):
 PSYoungGen      total 24064K, used 1856K [0x00000000eab00000, 0x00000000ec700000, 0x0000000100000000)
  eden space 22016K, 0% used [0x00000000eab00000,0x00000000eab00000,0x00000000ec080000)
  from space 2048K, 90% used [0x00000000ec500000,0x00000000ec6d0000,0x00000000ec700000)
  to   space 2560K, 0% used [0x00000000ec200000,0x00000000ec200000,0x00000000ec480000)
 ParOldGen       total 68608K, used 24948K [0x00000000c0000000, 0x00000000c4300000, 0x00000000eab00000)
  object space 68608K, 36% used [0x00000000c0000000,0x00000000c185d248,0x00000000c4300000)
 Metaspace       used 43698K, committed 44416K, reserved 1089536K
  class space    used 4785K, committed 5120K, reserved 1048576K
}
Event: 10.172 GC heap before
{Heap before GC invocations=15 (full 2):
 PSYoungGen      total 24064K, used 23872K [0x00000000eab00000, 0x00000000ec700000, 0x0000000100000000)
  eden space 22016K, 100% used [0x00000000eab00000,0x00000000ec080000,0x00000000ec080000)
  from space 2048K, 90% used [0x00000000ec500000,0x00000000ec6d0000,0x00000000ec700000)
  to   space 2560K, 0% used [0x00000000ec200000,0x00000000ec200000,0x00000000ec480000)
 ParOldGen       total 68608K, used 24948K [0x00000000c0000000, 0x00000000c4300000, 0x00000000eab00000)
  object space 68608K, 36% used [0x00000000c0000000,0x00000000c185d248,0x00000000c4300000)
 Metaspace       used 46032K, committed 46784K, reserved 1097728K
  class space    used 5017K, committed 5376K, reserved 1048576K
}
Event: 10.184 GC heap after
{Heap after GC invocations=15 (full 2):
 PSYoungGen      total 24576K, used 2553K [0x00000000eab00000, 0x00000000eca80000, 0x0000000100000000)
  eden space 22016K, 0% used [0x00000000eab00000,0x00000000eab00000,0x00000000ec080000)
  from space 2560K, 99% used [0x00000000ec200000,0x00000000ec47e470,0x00000000ec480000)
  to   space 5120K, 0% used [0x00000000ec580000,0x00000000ec580000,0x00000000eca80000)
 ParOldGen       total 68608K, used 26958K [0x00000000c0000000, 0x00000000c4300000, 0x00000000eab00000)
  object space 68608K, 39% used [0x00000000c0000000,0x00000000c1a53ae8,0x00000000c4300000)
 Metaspace       used 46032K, committed 46784K, reserved 1097728K
  class space    used 5017K, committed 5376K, reserved 1048576K
}
Event: 10.935 GC heap before
{Heap before GC invocations=16 (full 2):
 PSYoungGen      total 24576K, used 24569K [0x00000000eab00000, 0x00000000eca80000, 0x0000000100000000)
  eden space 22016K, 100% used [0x00000000eab00000,0x00000000ec080000,0x00000000ec080000)
  from space 2560K, 99% used [0x00000000ec200000,0x00000000ec47e470,0x00000000ec480000)
  to   space 5120K, 0% used [0x00000000ec580000,0x00000000ec580000,0x00000000eca80000)
 ParOldGen       total 68608K, used 26958K [0x00000000c0000000, 0x00000000c4300000, 0x00000000eab00000)
  object space 68608K, 39% used [0x00000000c0000000,0x00000000c1a53ae8,0x00000000c4300000)
 Metaspace       used 50183K, committed 50880K, reserved 1097728K
  class space    used 5425K, committed 5760K, reserved 1048576K
}
Event: 10.941 GC heap after
{Heap after GC invocations=16 (full 2):
 PSYoungGen      total 23552K, used 1345K [0x00000000eab00000, 0x00000000ec700000, 0x0000000100000000)
  eden space 22016K, 0% used [0x00000000eab00000,0x00000000eab00000,0x00000000ec080000)
  from space 1536K, 87% used [0x00000000ec580000,0x00000000ec6d0418,0x00000000ec700000)
  to   space 2560K, 0% used [0x00000000ec200000,0x00000000ec200000,0x00000000ec480000)
 ParOldGen       total 68608K, used 29404K [0x00000000c0000000, 0x00000000c4300000, 0x00000000eab00000)
  object space 68608K, 42% used [0x00000000c0000000,0x00000000c1cb7040,0x00000000c4300000)
 Metaspace       used 50183K, committed 50880K, reserved 1097728K
  class space    used 5425K, committed 5760K, reserved 1048576K
}

