# JRE version: OpenJDK Runtime Environment Temurin-17.0.2+8 (17.0.2+8) (build 17.0.2+8)
# Java VM: OpenJDK 64-Bit Server VM Temurin-17.0.2+8 (17.0.2+8, mixed mode, tiered, compressed oops, compressed class ptrs, parallel gc, windows-amd64)
GC Precious Log:
 CPUs: 4 total, 4 available
 Memory: 8077M
 Large Page Support: Disabled
 NUMA Support: Disabled
 Compressed Oops: Enabled (32-bit)
 Alignments: Space 512K, Generation 512K, Heap 2M
 Heap Min Capacity: 100M
 Heap Initial Capacity: 100M
 Heap Max Capacity: 1G
 Pre-touch: Disabled
 Parallel Workers: 4
Heap:
 PSYoungGen      total 24576K, used 19489K [0x00000000eab00000, 0x00000000ec800000, 0x0000000100000000)
  eden space 22016K, 77% used [0x00000000eab00000,0x00000000ebb985e0,0x00000000ec080000)
  from space 2560K, 97% used [0x00000000ec180000,0x00000000ec3f0010,0x00000000ec400000)
  to   space 3584K, 0% used [0x00000000ec480000,0x00000000ec480000,0x00000000ec800000)
 ParOldGen       total 68608K, used 23626K [0x00000000c0000000, 0x00000000c4300000, 0x00000000eab00000)
  object space 68608K, 34% used [0x00000000c0000000,0x00000000c1712890,0x00000000c4300000)
 Metaspace       used 43883K, committed 44608K, reserved 1089536K
  class space    used 4792K, committed 5120K, reserved 1048576K
GC Heap History (20 events):
Event: 3.879 GC heap before
{Heap before GC invocations=4 (full 1):
 PSYoungGen      total 29696K, used 4090K [0x00000000eab00000, 0x00000000ecc00000, 0x0000000100000000)
  eden space 25600K, 0% used [0x00000000eab00000,0x00000000eab00000,0x00000000ec400000)
  from space 4096K, 99% used [0x00000000ec400000,0x00000000ec7fe888,0x00000000ec800000)
  to   space 4096K, 0% used [0x00000000ec800000,0x00000000ec800000,0x00000000ecc00000)
 ParOldGen       total 68608K, used 5905K [0x00000000c0000000, 0x00000000c4300000, 0x00000000eab00000)
  object space 68608K, 8% used [0x00000000c0000000,0x00000000c05c4620,0x00000000c4300000)
 Metaspace       used 21046K, committed 21504K, reserved 1073152K
  class space    used 2134K, committed 2368K, reserved 1048576K
}
Event: 3.912 GC heap after
{Heap after GC invocations=4 (full 1):
 PSYoungGen      total 29696K, used 0K [0x00000000eab00000, 0x00000000ecc00000, 0x0000000100000000)
  eden space 25600K, 0% used [0x00000000eab00000,0x00000000eab00000,0x00000000ec400000)
  from space 4096K, 0% used [0x00000000ec400000,0x00000000ec400000,0x00000000ec800000)
  to   space 4096K, 0% used [0x00000000ec800000,0x00000000ec800000,0x00000000ecc00000)
 ParOldGen       total 68608K, used 9740K [0x00000000c0000000, 0x00000000c4300000, 0x00000000eab00000)
  object space 68608K, 14% used [0x00000000c0000000,0x00000000c09833d0,0x00000000c4300000)
 Metaspace       used 21046K, committed 21504K, reserved 1073152K
  class space    used 2134K, committed 2368K, reserved 1048576K
}
Event: 4.530 GC heap before
{Heap before GC invocations=5 (full 1):
 PSYoungGen      total 29696K, used 25600K [0x00000000eab00000, 0x00000000ecc00000, 0x0000000100000000)
  eden space 25600K, 100% used [0x00000000eab00000,0x00000000ec400000,0x00000000ec400000)
  from space 4096K, 0% used [0x00000000ec400000,0x00000000ec400000,0x00000000ec800000)
  to   space 4096K, 0% used [0x00000000ec800000,0x00000000ec800000,0x00000000ecc00000)
 ParOldGen       total 68608K, used 9740K [0x00000000c0000000, 0x00000000c4300000, 0x00000000eab00000)
  object space 68608K, 14% used [0x00000000c0000000,0x00000000c09833d0,0x00000000c4300000)
 Metaspace       used 28558K, committed 28992K, reserved 1081344K
  class space    used 2792K, committed 3008K, reserved 1048576K
}
Event: 4.532 GC heap after
{Heap after GC invocations=5 (full 1):
 PSYoungGen      total 29696K, used 1595K [0x00000000eab00000, 0x00000000ecc00000, 0x0000000100000000)
  eden space 25600K, 0% used [0x00000000eab00000,0x00000000eab00000,0x00000000ec400000)
  from space 4096K, 38% used [0x00000000ec800000,0x00000000ec98ef58,0x00000000ecc00000)
  to   space 4096K, 0% used [0x00000000ec400000,0x00000000ec400000,0x00000000ec800000)
 ParOldGen       total 68608K, used 9748K [0x00000000c0000000, 0x00000000c4300000, 0x00000000eab00000)
  object space 68608K, 14% used [0x00000000c0000000,0x00000000c09853d0,0x00000000c4300000)
 Metaspace       used 28558K, committed 28992K, reserved 1081344K
  class space    used 2792K, committed 3008K, reserved 1048576K
}
Event: 5.982 GC heap before
{Heap before GC invocations=6 (full 1):
 PSYoungGen      total 29696K, used 22362K [0x00000000eab00000, 0x00000000ecc00000, 0x0000000100000000)
  eden space 25600K, 81% used [0x00000000eab00000,0x00000000ebf47938,0x00000000ec400000)
  from space 4096K, 38% used [0x00000000ec800000,0x00000000ec98ef58,0x00000000ecc00000)
  to   space 4096K, 0% used [0x00000000ec400000,0x00000000ec400000,0x00000000ec800000)
 ParOldGen       total 68608K, used 9748K [0x00000000c0000000, 0x00000000c4300000, 0x00000000eab00000)
  object space 68608K, 14% used [0x00000000c0000000,0x00000000c09853d0,0x00000000c4300000)
 Metaspace       used 35230K, committed 35840K, reserved 1081344K
  class space    used 3690K, committed 3968K, reserved 1048576K
}
Event: 5.985 GC heap after
{Heap after GC invocations=6 (full 1):
 PSYoungGen      total 29696K, used 4075K [0x00000000eab00000, 0x00000000ecd00000, 0x0000000100000000)
  eden space 25600K, 0% used [0x00000000eab00000,0x00000000eab00000,0x00000000ec400000)
  from space 4096K, 99% used [0x00000000ec400000,0x00000000ec7fae60,0x00000000ec800000)
  to   space 4608K, 0% used [0x00000000ec880000,0x00000000ec880000,0x00000000ecd00000)
 ParOldGen       total 68608K, used 9756K [0x00000000c0000000, 0x00000000c4300000, 0x00000000eab00000)
  object space 68608K, 14% used [0x00000000c0000000,0x00000000c09873d0,0x00000000c4300000)
 Metaspace       used 35230K, committed 35840K, reserved 1081344K
  class space    used 3690K, committed 3968K, reserved 1048576K
}
Event: 5.985 GC heap before
{Heap before GC invocations=7 (full 2):
 PSYoungGen      total 29696K, used 4075K [0x00000000eab00000, 0x00000000ecd00000, 0x0000000100000000)
  eden space 25600K, 0% used [0x00000000eab00000,0x00000000eab00000,0x00000000ec400000)
  from space 4096K, 99% used [0x00000000ec400000,0x00000000ec7fae60,0x00000000ec800000)
  to   space 4608K, 0% used [0x00000000ec880000,0x00000000ec880000,0x00000000ecd00000)
 ParOldGen       total 68608K, used 9756K [0x00000000c0000000, 0x00000000c4300000, 0x00000000eab00000)
  object space 68608K, 14% used [0x00000000c0000000,0x00000000c09873d0,0x00000000c4300000)
 Metaspace       used 35230K, committed 35840K, reserved 1081344K
  class space    used 3690K, committed 3968K, reserved 1048576K
}
Event: 6.015 GC heap after
{Heap after GC invocations=7 (full 2):
 PSYoungGen      total 29696K, used 0K [0x00000000eab00000, 0x00000000ecd00000, 0x0000000100000000)
  eden space 25600K, 0% used [0x00000000eab00000,0x00000000eab00000,0x00000000ec400000)
  from space 4096K, 0% used [0x00000000ec400000,0x00000000ec400000,0x00000000ec800000)
  to   space 4608K, 0% used [0x00000000ec880000,0x00000000ec880000,0x00000000ecd00000)
 ParOldGen       total 68608K, used 12684K [0x00000000c0000000, 0x00000000c4300000, 0x00000000eab00000)
  object space 68608K, 18% used [0x00000000c0000000,0x00000000c0c63238,0x00000000c4300000)
 Metaspace       used 35230K, committed 35840K, reserved 1081344K
  class space    used 3690K, committed 3968K, reserved 1048576K
}
Event: 7.787 GC heap before
{Heap before GC invocations=8 (full 2):
 PSYoungGen      total 29696K, used 25600K [0x00000000eab00000, 0x00000000ecd00000, 0x0000000100000000)
  eden space 25600K, 100% used [0x00000000eab00000,0x00000000ec400000,0x00000000ec400000)
  from space 4096K, 0% used [0x00000000ec400000,0x00000000ec400000,0x00000000ec800000)
  to   space 4608K, 0% used [0x00000000ec880000,0x00000000ec880000,0x00000000ecd00000)
 ParOldGen       total 68608K, used 12684K [0x00000000c0000000, 0x00000000c4300000, 0x00000000eab00000)
  object space 68608K, 18% used [0x00000000c0000000,0x00000000c0c63238,0x00000000c4300000)
 Metaspace       used 39561K, committed 40320K, reserved 1089536K
  class space    used 4224K, committed 4544K, reserved 1048576K
}
Event: 7.791 GC heap after
{Heap after GC invocations=8 (full 2):
 PSYoungGen      total 27648K, used 2536K [0x00000000eab00000, 0x00000000ecb00000, 0x0000000100000000)
  eden space 25088K, 0% used [0x00000000eab00000,0x00000000eab00000,0x00000000ec380000)
  from space 2560K, 99% used [0x00000000ec880000,0x00000000ecafa030,0x00000000ecb00000)
  to   space 3584K, 0% used [0x00000000ec400000,0x00000000ec400000,0x00000000ec780000)
 ParOldGen       total 68608K, used 12692K [0x00000000c0000000, 0x00000000c4300000, 0x00000000eab00000)
  object space 68608K, 18% used [0x00000000c0000000,0x00000000c0c65238,0x00000000c4300000)
 Metaspace       used 39561K, committed 40320K, reserved 1089536K
  class space    used 4224K, committed 4544K, reserved 1048576K
}
Event: 8.365 GC heap before
{Heap before GC invocations=9 (full 2):
 PSYoungGen      total 27648K, used 27624K [0x00000000eab00000, 0x00000000ecb00000, 0x0000000100000000)
  eden space 25088K, 100% used [0x00000000eab00000,0x00000000ec380000,0x00000000ec380000)
  from space 2560K, 99% used [0x00000000ec880000,0x00000000ecafa030,0x00000000ecb00000)
  to   space 3584K, 0% used [0x00000000ec400000,0x00000000ec400000,0x00000000ec780000)
 ParOldGen       total 68608K, used 12692K [0x00000000c0000000, 0x00000000c4300000, 0x00000000eab00000)
  object space 68608K, 18% used [0x00000000c0000000,0x00000000c0c65238,0x00000000c4300000)
 Metaspace       used 40585K, committed 41280K, reserved 1089536K
  class space    used 4369K, committed 4672K, reserved 1048576K
}
Event: 8.370 GC heap after
{Heap after GC invocations=9 (full 2):
 PSYoungGen      total 28160K, used 3579K [0x00000000eab00000, 0x00000000ecc00000, 0x0000000100000000)
  eden space 24576K, 0% used [0x00000000eab00000,0x00000000eab00000,0x00000000ec300000)
  from space 3584K, 99% used [0x00000000ec400000,0x00000000ec77ee10,0x00000000ec780000)
  to   space 4608K, 0% used [0x00000000ec780000,0x00000000ec780000,0x00000000ecc00000)
 ParOldGen       total 68608K, used 13388K [0x00000000c0000000, 0x00000000c4300000, 0x00000000eab00000)
  object space 68608K, 19% used [0x00000000c0000000,0x00000000c0d13238,0x00000000c4300000)
 Metaspace       used 40585K, committed 41280K, reserved 1089536K
  class space    used 4369K, committed 4672K, reserved 1048576K
}
Event: 8.813 GC heap before
{Heap before GC invocations=10 (full 2):
 PSYoungGen      total 28160K, used 28155K [0x00000000eab00000, 0x00000000ecc00000, 0x0000000100000000)
  eden space 24576K, 100% used [0x00000000eab00000,0x00000000ec300000,0x00000000ec300000)
  from space 3584K, 99% used [0x00000000ec400000,0x00000000ec77ee10,0x00000000ec780000)
  to   space 4608K, 0% used [0x00000000ec780000,0x00000000ec780000,0x00000000ecc00000)
 ParOldGen       total 68608K, used 13388K [0x00000000c0000000, 0x00000000c4300000, 0x00000000eab00000)
  object space 68608K, 19% used [0x00000000c0000000,0x00000000c0d13238,0x00000000c4300000)
 Metaspace       used 41573K, committed 42240K, reserved 1089536K
  class space    used 4493K, committed 4800K, reserved 1048576K
}
Event: 8.819 GC heap after
{Heap after GC invocations=10 (full 2):
 PSYoungGen      total 27648K, used 4603K [0x00000000eab00000, 0x00000000ece80000, 0x0000000100000000)
  eden space 23040K, 0% used [0x00000000eab00000,0x00000000eab00000,0x00000000ec180000)
  from space 4608K, 99% used [0x00000000ec780000,0x00000000ecbfee10,0x00000000ecc00000)
  to   space 6144K, 0% used [0x00000000ec180000,0x00000000ec180000,0x00000000ec780000)
 ParOldGen       total 68608K, used 14340K [0x00000000c0000000, 0x00000000c4300000, 0x00000000eab00000)
  object space 68608K, 20% used [0x00000000c0000000,0x00000000c0e01248,0x00000000c4300000)
 Metaspace       used 41573K, committed 42240K, reserved 1089536K
  class space    used 4493K, committed 4800K, reserved 1048576K
}
Event: 9.002 GC heap before
{Heap before GC invocations=11 (full 2):
 PSYoungGen      total 27648K, used 27643K [0x00000000eab00000, 0x00000000ece80000, 0x0000000100000000)
  eden space 23040K, 100% used [0x00000000eab00000,0x00000000ec180000,0x00000000ec180000)
  from space 4608K, 99% used [0x00000000ec780000,0x00000000ecbfee10,0x00000000ecc00000)
  to   space 6144K, 0% used [0x00000000ec180000,0x00000000ec180000,0x00000000ec780000)
 ParOldGen       total 68608K, used 14340K [0x00000000c0000000, 0x00000000c4300000, 0x00000000eab00000)
  object space 68608K, 20% used [0x00000000c0000000,0x00000000c0e01248,0x00000000c4300000)
 Metaspace       used 42063K, committed 42752K, reserved 1089536K
  class space    used 4557K, committed 4864K, reserved 1048576K
}
Event: 9.010 GC heap after
{Heap after GC invocations=11 (full 2):
 PSYoungGen      total 28672K, used 5632K [0x00000000eab00000, 0x00000000ecd00000, 0x0000000100000000)
  eden space 22528K, 0% used [0x00000000eab00000,0x00000000eab00000,0x00000000ec100000)
  from space 6144K, 91% used [0x00000000ec180000,0x00000000ec700030,0x00000000ec780000)
  to   space 5632K, 0% used [0x00000000ec780000,0x00000000ec780000,0x00000000ecd00000)
 ParOldGen       total 68608K, used 15901K [0x00000000c0000000, 0x00000000c4300000, 0x00000000eab00000)
  object space 68608K, 23% used [0x00000000c0000000,0x00000000c0f876f8,0x00000000c4300000)
 Metaspace       used 42063K, committed 42752K, reserved 1089536K
  class space    used 4557K, committed 4864K, reserved 1048576K
}
Event: 9.209 GC heap before
{Heap before GC invocations=12 (full 2):
 PSYoungGen      total 28672K, used 28160K [0x00000000eab00000, 0x00000000ecd00000, 0x0000000100000000)
  eden space 22528K, 100% used [0x00000000eab00000,0x00000000ec100000,0x00000000ec100000)
  from space 6144K, 91% used [0x00000000ec180000,0x00000000ec700030,0x00000000ec780000)
  to   space 5632K, 0% used [0x00000000ec780000,0x00000000ec780000,0x00000000ecd00000)
 ParOldGen       total 68608K, used 15901K [0x00000000c0000000, 0x00000000c4300000, 0x00000000eab00000)
  object space 68608K, 23% used [0x00000000c0000000,0x00000000c0f876f8,0x00000000c4300000)
 Metaspace       used 42701K, committed 43392K, reserved 1089536K
  class space    used 4638K, committed 4928K, reserved 1048576K
}
Event: 9.215 GC heap after
{Heap after GC invocations=12 (full 2):
 PSYoungGen      total 27136K, used 4928K [0x00000000eab00000, 0x00000000ecc80000, 0x0000000100000000)
  eden space 22016K, 0% used [0x00000000eab00000,0x00000000eab00000,0x00000000ec080000)
  from space 5120K, 96% used [0x00000000ec780000,0x00000000ecc50020,0x00000000ecc80000)
  to   space 5632K, 0% used [0x00000000ec180000,0x00000000ec180000,0x00000000ec700000)
 ParOldGen       total 68608K, used 18913K [0x00000000c0000000, 0x00000000c4300000, 0x00000000eab00000)
  object space 68608K, 27% used [0x00000000c0000000,0x00000000c1278728,0x00000000c4300000)
 Metaspace       used 42701K, committed 43392K, reserved 1089536K
  class space    used 4638K, committed 4928K, reserved 1048576K
}
Event: 9.311 GC heap before
{Heap before GC invocations=13 (full 2):
 PSYoungGen      total 27136K, used 26944K [0x00000000eab00000, 0x00000000ecc80000, 0x0000000100000000)
  eden space 22016K, 100% used [0x00000000eab00000,0x00000000ec080000,0x00000000ec080000)
  from space 5120K, 96% used [0x00000000ec780000,0x00000000ecc50020,0x00000000ecc80000)
  to   space 5632K, 0% used [0x00000000ec180000,0x00000000ec180000,0x00000000ec700000)
 ParOldGen       total 68608K, used 18913K [0x00000000c0000000, 0x00000000c4300000, 0x00000000eab00000)
  object space 68608K, 27% used [0x00000000c0000000,0x00000000c1278728,0x00000000c4300000)
 Metaspace       used 43245K, committed 43968K, reserved 1089536K
  class space    used 4704K, committed 5056K, reserved 1048576K
}
Event: 9.318 GC heap after
{Heap after GC invocations=13 (full 2):
 PSYoungGen      total 24576K, used 2496K [0x00000000eab00000, 0x00000000ec800000, 0x0000000100000000)
  eden space 22016K, 0% used [0x00000000eab00000,0x00000000eab00000,0x00000000ec080000)
  from space 2560K, 97% used [0x00000000ec180000,0x00000000ec3f0010,0x00000000ec400000)
  to   space 3584K, 0% used [0x00000000ec480000,0x00000000ec480000,0x00000000ec800000)
 ParOldGen       total 68608K, used 23626K [0x00000000c0000000, 0x00000000c4300000, 0x00000000eab00000)
  object space 68608K, 34% used [0x00000000c0000000,0x00000000c1712890,0x00000000c4300000)
 Metaspace       used 43245K, committed 43968K, reserved 1089536K
  class space    used 4704K, committed 5056K, reserved 1048576K
}

