GC Precious Log:
 CPUs: 4 total, 4 available
 Memory: 8077M
 Large Page Support: Disabled
 NUMA Support: Disabled
 Compressed Oops: Enabled (32-bit)
 Alignments: Space 512K, Generation 512K, Heap 2M
 Heap Min Capacity: 100M
 Heap Initial Capacity: 100M
 Heap Max Capacity: 1G
 Pre-touch: Disabled
 Parallel Workers: 4
Heap:
 PSYoungGen      total 30720K, used 15452K [0x00000000eab00000, 0x00000000ed100000, 0x0000000100000000)
  eden space 23552K, 65% used [0x00000000eab00000,0x00000000eba171c0,0x00000000ec200000)
  from space 7168K, 0% used [0x00000000ec400000,0x00000000ec400000,0x00000000ecb00000)
  to   space 6144K, 0% used [0x00000000ecb00000,0x00000000ecb00000,0x00000000ed100000)
 ParOldGen       total 68608K, used 22479K [0x00000000c0000000, 0x00000000c4300000, 0x00000000eab00000)
  object space 68608K, 32% used [0x00000000c0000000,0x00000000c15f3f10,0x00000000c4300000)
 Metaspace       used 41259K, committed 41856K, reserved 1089536K
  class space    used 4184K, committed 4480K, reserved 1048576K
GC Heap History (20 events):
Event: 3.240 GC heap before
{Heap before GC invocations=2 (full 0):
 PSYoungGen      total 29696K, used 21895K [0x00000000eab00000, 0x00000000ecc00000, 0x0000000100000000)
  eden space 25600K, 70% used [0x00000000eab00000,0x00000000ebc82118,0x00000000ec400000)
  from space 4096K, 96% used [0x00000000ec400000,0x00000000ec7dfd68,0x00000000ec800000)
  to   space 4096K, 0% used [0x00000000ec800000,0x00000000ec800000,0x00000000ecc00000)
 ParOldGen       total 68608K, used 24K [0x00000000c0000000, 0x00000000c4300000, 0x00000000eab00000)
  object space 68608K, 0% used [0x00000000c0000000,0x00000000c0006000,0x00000000c4300000)
 Metaspace       used 21116K, committed 21504K, reserved 1073152K
  class space    used 2140K, committed 2304K, reserved 1048576K
}
Event: 3.247 GC heap after
{Heap after GC invocations=2 (full 0):
 PSYoungGen      total 29696K, used 4080K [0x00000000eab00000, 0x00000000ecc00000, 0x0000000100000000)
  eden space 25600K, 0% used [0x00000000eab00000,0x00000000eab00000,0x00000000ec400000)
  from space 4096K, 99% used [0x00000000ec800000,0x00000000ecbfc0f0,0x00000000ecc00000)
  to   space 4096K, 0% used [0x00000000ec400000,0x00000000ec400000,0x00000000ec800000)
 ParOldGen       total 68608K, used 2313K [0x00000000c0000000, 0x00000000c4300000, 0x00000000eab00000)
  object space 68608K, 3% used [0x00000000c0000000,0x00000000c02425a0,0x00000000c4300000)
 Metaspace       used 21116K, committed 21504K, reserved 1073152K
  class space    used 2140K, committed 2304K, reserved 1048576K
}
Event: 3.247 GC heap before
{Heap before GC invocations=3 (full 1):
 PSYoungGen      total 29696K, used 4080K [0x00000000eab00000, 0x00000000ecc00000, 0x0000000100000000)
  eden space 25600K, 0% used [0x00000000eab00000,0x00000000eab00000,0x00000000ec400000)
  from space 4096K, 99% used [0x00000000ec800000,0x00000000ecbfc0f0,0x00000000ecc00000)
  to   space 4096K, 0% used [0x00000000ec400000,0x00000000ec400000,0x00000000ec800000)
 ParOldGen       total 68608K, used 2313K [0x00000000c0000000, 0x00000000c4300000, 0x00000000eab00000)
  object space 68608K, 3% used [0x00000000c0000000,0x00000000c02425a0,0x00000000c4300000)
 Metaspace       used 21116K, committed 21504K, reserved 1073152K
  class space    used 2140K, committed 2304K, reserved 1048576K
}
Event: 3.273 GC heap after
{Heap after GC invocations=3 (full 1):
 PSYoungGen      total 29696K, used 0K [0x00000000eab00000, 0x00000000ecc00000, 0x0000000100000000)
  eden space 25600K, 0% used [0x00000000eab00000,0x00000000eab00000,0x00000000ec400000)
  from space 4096K, 0% used [0x00000000ec800000,0x00000000ec800000,0x00000000ecc00000)
  to   space 4096K, 0% used [0x00000000ec400000,0x00000000ec400000,0x00000000ec800000)
 ParOldGen       total 68608K, used 6316K [0x00000000c0000000, 0x00000000c4300000, 0x00000000eab00000)
  object space 68608K, 9% used [0x00000000c0000000,0x00000000c062b0a8,0x00000000c4300000)
 Metaspace       used 21116K, committed 21504K, reserved 1073152K
  class space    used 2140K, committed 2304K, reserved 1048576K
}
Event: 4.705 GC heap before
{Heap before GC invocations=4 (full 1):
 PSYoungGen      total 29696K, used 25600K [0x00000000eab00000, 0x00000000ecc00000, 0x0000000100000000)
  eden space 25600K, 100% used [0x00000000eab00000,0x00000000ec400000,0x00000000ec400000)
  from space 4096K, 0% used [0x00000000ec800000,0x00000000ec800000,0x00000000ecc00000)
  to   space 4096K, 0% used [0x00000000ec400000,0x00000000ec400000,0x00000000ec800000)
 ParOldGen       total 68608K, used 6316K [0x00000000c0000000, 0x00000000c4300000, 0x00000000eab00000)
  object space 68608K, 9% used [0x00000000c0000000,0x00000000c062b0a8,0x00000000c4300000)
 Metaspace       used 28462K, committed 28928K, reserved 1081344K
  class space    used 2817K, committed 3008K, reserved 1048576K
}
Event: 4.707 GC heap after
{Heap after GC invocations=4 (full 1):
 PSYoungGen      total 29696K, used 1692K [0x00000000eab00000, 0x00000000ecc00000, 0x0000000100000000)
  eden space 25600K, 0% used [0x00000000eab00000,0x00000000eab00000,0x00000000ec400000)
  from space 4096K, 41% used [0x00000000ec400000,0x00000000ec5a7278,0x00000000ec800000)
  to   space 4096K, 0% used [0x00000000ec800000,0x00000000ec800000,0x00000000ecc00000)
 ParOldGen       total 68608K, used 6324K [0x00000000c0000000, 0x00000000c4300000, 0x00000000eab00000)
  object space 68608K, 9% used [0x00000000c0000000,0x00000000c062d0a8,0x00000000c4300000)
 Metaspace       used 28462K, committed 28928K, reserved 1081344K
  class space    used 2817K, committed 3008K, reserved 1048576K
}
Event: 5.631 GC heap before
{Heap before GC invocations=5 (full 1):
 PSYoungGen      total 29696K, used 27292K [0x00000000eab00000, 0x00000000ecc00000, 0x0000000100000000)
  eden space 25600K, 100% used [0x00000000eab00000,0x00000000ec400000,0x00000000ec400000)
  from space 4096K, 41% used [0x00000000ec400000,0x00000000ec5a7278,0x00000000ec800000)
  to   space 4096K, 0% used [0x00000000ec800000,0x00000000ec800000,0x00000000ecc00000)
 ParOldGen       total 68608K, used 6324K [0x00000000c0000000, 0x00000000c4300000, 0x00000000eab00000)
  object space 68608K, 9% used [0x00000000c0000000,0x00000000c062d0a8,0x00000000c4300000)
 Metaspace       used 33073K, committed 33664K, reserved 1081344K
  class space    used 3367K, committed 3648K, reserved 1048576K
}
Event: 5.634 GC heap after
{Heap after GC invocations=5 (full 1):
 PSYoungGen      total 29696K, used 4064K [0x00000000eab00000, 0x00000000ecc00000, 0x0000000100000000)
  eden space 25600K, 0% used [0x00000000eab00000,0x00000000eab00000,0x00000000ec400000)
  from space 4096K, 99% used [0x00000000ec800000,0x00000000ecbf8330,0x00000000ecc00000)
  to   space 4096K, 0% used [0x00000000ec400000,0x00000000ec400000,0x00000000ec800000)
 ParOldGen       total 68608K, used 6364K [0x00000000c0000000, 0x00000000c4300000, 0x00000000eab00000)
  object space 68608K, 9% used [0x00000000c0000000,0x00000000c06370a8,0x00000000c4300000)
 Metaspace       used 33073K, committed 33664K, reserved 1081344K
  class space    used 3367K, committed 3648K, reserved 1048576K
}
Event: 5.873 GC heap before
{Heap before GC invocations=6 (full 1):
 PSYoungGen      total 29696K, used 29664K [0x00000000eab00000, 0x00000000ecc00000, 0x0000000100000000)
  eden space 25600K, 100% used [0x00000000eab00000,0x00000000ec400000,0x00000000ec400000)
  from space 4096K, 99% used [0x00000000ec800000,0x00000000ecbf8330,0x00000000ecc00000)
  to   space 4096K, 0% used [0x00000000ec400000,0x00000000ec400000,0x00000000ec800000)
 ParOldGen       total 68608K, used 6364K [0x00000000c0000000, 0x00000000c4300000, 0x00000000eab00000)
  object space 68608K, 9% used [0x00000000c0000000,0x00000000c06370a8,0x00000000c4300000)
 Metaspace       used 33270K, committed 33856K, reserved 1081344K
  class space    used 3386K, committed 3712K, reserved 1048576K
}
Event: 5.884 GC heap after
{Heap after GC invocations=6 (full 1):
 PSYoungGen      total 29184K, used 4076K [0x00000000eab00000, 0x00000000ed180000, 0x0000000100000000)
  eden space 25088K, 0% used [0x00000000eab00000,0x00000000eab00000,0x00000000ec380000)
  from space 4096K, 99% used [0x00000000ec400000,0x00000000ec7fb050,0x00000000ec800000)
  to   space 7168K, 0% used [0x00000000eca80000,0x00000000eca80000,0x00000000ed180000)
 ParOldGen       total 68608K, used 8708K [0x00000000c0000000, 0x00000000c4300000, 0x00000000eab00000)
  object space 68608K, 12% used [0x00000000c0000000,0x00000000c08810b8,0x00000000c4300000)
 Metaspace       used 33270K, committed 33856K, reserved 1081344K
  class space    used 3386K, committed 3712K, reserved 1048576K
}
Event: 6.102 GC heap before
{Heap before GC invocations=7 (full 1):
 PSYoungGen      total 29184K, used 29164K [0x00000000eab00000, 0x00000000ed180000, 0x0000000100000000)
  eden space 25088K, 100% used [0x00000000eab00000,0x00000000ec380000,0x00000000ec380000)
  from space 4096K, 99% used [0x00000000ec400000,0x00000000ec7fb050,0x00000000ec800000)
  to   space 7168K, 0% used [0x00000000eca80000,0x00000000eca80000,0x00000000ed180000)
 ParOldGen       total 68608K, used 8708K [0x00000000c0000000, 0x00000000c4300000, 0x00000000eab00000)
  object space 68608K, 12% used [0x00000000c0000000,0x00000000c08810b8,0x00000000c4300000)
 Metaspace       used 33408K, committed 33984K, reserved 1081344K
  class space    used 3402K, committed 3712K, reserved 1048576K
}
Event: 6.110 GC heap after
{Heap after GC invocations=7 (full 1):
 PSYoungGen      total 31744K, used 6936K [0x00000000eab00000, 0x00000000ed180000, 0x0000000100000000)
  eden space 24576K, 0% used [0x00000000eab00000,0x00000000eab00000,0x00000000ec300000)
  from space 7168K, 96% used [0x00000000eca80000,0x00000000ed146358,0x00000000ed180000)
  to   space 7168K, 0% used [0x00000000ec380000,0x00000000ec380000,0x00000000eca80000)
 ParOldGen       total 68608K, used 8708K [0x00000000c0000000, 0x00000000c4300000, 0x00000000eab00000)
  object space 68608K, 12% used [0x00000000c0000000,0x00000000c08810b8,0x00000000c4300000)
 Metaspace       used 33408K, committed 33984K, reserved 1081344K
  class space    used 3402K, committed 3712K, reserved 1048576K
}
Event: 6.283 GC heap before
{Heap before GC invocations=8 (full 1):
 PSYoungGen      total 31744K, used 31512K [0x00000000eab00000, 0x00000000ed180000, 0x0000000100000000)
  eden space 24576K, 100% used [0x00000000eab00000,0x00000000ec300000,0x00000000ec300000)
  from space 7168K, 96% used [0x00000000eca80000,0x00000000ed146358,0x00000000ed180000)
  to   space 7168K, 0% used [0x00000000ec380000,0x00000000ec380000,0x00000000eca80000)
 ParOldGen       total 68608K, used 8708K [0x00000000c0000000, 0x00000000c4300000, 0x00000000eab00000)
  object space 68608K, 12% used [0x00000000c0000000,0x00000000c08810b8,0x00000000c4300000)
 Metaspace       used 33408K, committed 33984K, reserved 1081344K
  class space    used 3402K, committed 3712K, reserved 1048576K
}
Event: 6.290 GC heap after
{Heap after GC invocations=8 (full 1):
 PSYoungGen      total 31232K, used 7152K [0x00000000eab00000, 0x00000000ed680000, 0x0000000100000000)
  eden space 24064K, 0% used [0x00000000eab00000,0x00000000eab00000,0x00000000ec280000)
  from space 7168K, 99% used [0x00000000ec380000,0x00000000eca7c270,0x00000000eca80000)
  to   space 10240K, 0% used [0x00000000ecc80000,0x00000000ecc80000,0x00000000ed680000)
 ParOldGen       total 68608K, used 10907K [0x00000000c0000000, 0x00000000c4300000, 0x00000000eab00000)
  object space 68608K, 15% used [0x00000000c0000000,0x00000000c0aa6de0,0x00000000c4300000)
 Metaspace       used 33408K, committed 33984K, reserved 1081344K
  class space    used 3402K, committed 3712K, reserved 1048576K
}
Event: 6.661 GC heap before
{Heap before GC invocations=9 (full 1):
 PSYoungGen      total 31232K, used 31216K [0x00000000eab00000, 0x00000000ed680000, 0x0000000100000000)
  eden space 24064K, 100% used [0x00000000eab00000,0x00000000ec280000,0x00000000ec280000)
  from space 7168K, 99% used [0x00000000ec380000,0x00000000eca7c270,0x00000000eca80000)
  to   space 10240K, 0% used [0x00000000ecc80000,0x00000000ecc80000,0x00000000ed680000)
 ParOldGen       total 68608K, used 10907K [0x00000000c0000000, 0x00000000c4300000, 0x00000000eab00000)
  object space 68608K, 15% used [0x00000000c0000000,0x00000000c0aa6de0,0x00000000c4300000)
 Metaspace       used 33408K, committed 33984K, reserved 1081344K
  class space    used 3402K, committed 3712K, reserved 1048576K
}
Event: 6.672 GC heap after
{Heap after GC invocations=9 (full 1):
 PSYoungGen      total 31232K, used 7456K [0x00000000eab00000, 0x00000000ed400000, 0x0000000100000000)
  eden space 23552K, 0% used [0x00000000eab00000,0x00000000eab00000,0x00000000ec200000)
  from space 7680K, 97% used [0x00000000ecc80000,0x00000000ed3c8010,0x00000000ed400000)
  to   space 8192K, 0% used [0x00000000ec400000,0x00000000ec400000,0x00000000ecc00000)
 ParOldGen       total 68608K, used 13103K [0x00000000c0000000, 0x00000000c4300000, 0x00000000eab00000)
  object space 68608K, 19% used [0x00000000c0000000,0x00000000c0ccbcd8,0x00000000c4300000)
 Metaspace       used 33408K, committed 33984K, reserved 1081344K
  class space    used 3402K, committed 3712K, reserved 1048576K
}
Event: 7.831 GC heap before
{Heap before GC invocations=10 (full 1):
 PSYoungGen      total 31232K, used 21316K [0x00000000eab00000, 0x00000000ed400000, 0x0000000100000000)
  eden space 23552K, 58% used [0x00000000eab00000,0x00000000eb889278,0x00000000ec200000)
  from space 7680K, 97% used [0x00000000ecc80000,0x00000000ed3c8010,0x00000000ed400000)
  to   space 8192K, 0% used [0x00000000ec400000,0x00000000ec400000,0x00000000ecc00000)
 ParOldGen       total 68608K, used 13103K [0x00000000c0000000, 0x00000000c4300000, 0x00000000eab00000)
  object space 68608K, 19% used [0x00000000c0000000,0x00000000c0ccbcd8,0x00000000c4300000)
 Metaspace       used 35318K, committed 35840K, reserved 1089536K
  class space    used 3633K, committed 3904K, reserved 1048576K
}
Event: 7.839 GC heap after
{Heap after GC invocations=10 (full 1):
 PSYoungGen      total 30720K, used 7104K [0x00000000eab00000, 0x00000000ed100000, 0x0000000100000000)
  eden space 23552K, 0% used [0x00000000eab00000,0x00000000eab00000,0x00000000ec200000)
  from space 7168K, 99% used [0x00000000ec400000,0x00000000ecaf00c0,0x00000000ecb00000)
  to   space 6144K, 0% used [0x00000000ecb00000,0x00000000ecb00000,0x00000000ed100000)
 ParOldGen       total 68608K, used 15703K [0x00000000c0000000, 0x00000000c4300000, 0x00000000eab00000)
  object space 68608K, 22% used [0x00000000c0000000,0x00000000c0f55cd8,0x00000000c4300000)
 Metaspace       used 35318K, committed 35840K, reserved 1089536K
  class space    used 3633K, committed 3904K, reserved 1048576K
}
Event: 7.839 GC heap before
{Heap before GC invocations=11 (full 2):
 PSYoungGen      total 30720K, used 7104K [0x00000000eab00000, 0x00000000ed100000, 0x0000000100000000)
  eden space 23552K, 0% used [0x00000000eab00000,0x00000000eab00000,0x00000000ec200000)
  from space 7168K, 99% used [0x00000000ec400000,0x00000000ecaf00c0,0x00000000ecb00000)
  to   space 6144K, 0% used [0x00000000ecb00000,0x00000000ecb00000,0x00000000ed100000)
 ParOldGen       total 68608K, used 15703K [0x00000000c0000000, 0x00000000c4300000, 0x00000000eab00000)
  object space 68608K, 22% used [0x00000000c0000000,0x00000000c0f55cd8,0x00000000c4300000)
 Metaspace       used 35318K, committed 35840K, reserved 1089536K
  class space    used 3633K, committed 3904K, reserved 1048576K
}
Event: 7.908 GC heap after
{Heap after GC invocations=11 (full 2):
 PSYoungGen      total 30720K, used 0K [0x00000000eab00000, 0x00000000ed100000, 0x0000000100000000)
  eden space 23552K, 0% used [0x00000000eab00000,0x00000000eab00000,0x00000000ec200000)
  from space 7168K, 0% used [0x00000000ec400000,0x00000000ec400000,0x00000000ecb00000)
  to   space 6144K, 0% used [0x00000000ecb00000,0x00000000ecb00000,0x00000000ed100000)
 ParOldGen       total 68608K, used 22479K [0x00000000c0000000, 0x00000000c4300000, 0x00000000eab00000)
  object space 68608K, 32% used [0x00000000c0000000,0x00000000c15f3f10,0x00000000c4300000)
 Metaspace       used 35318K, committed 35840K, reserved 1089536K
  class space    used 3633K, committed 3904K, reserved 1048576K
}

